<?xml version="1.0" encoding="UTF-8"?>
<!-- Generated by org.testng.reporters.JUnitReportReporter -->
<testsuite hostname="DESKTOP-3FEVTCJ" failures="0" tests="1" name="rtp.paymentRequest" time="35.966" errors="0" timestamp="2023-11-20T10:50:48 IST" skipped="0">
  <testcase classname="rtp.paymentRequest" name="rtp" time="35.966"/>
</testsuite> <!-- rtp.paymentRequest -->
