<?xml version="1.0" encoding="UTF-8"?>
<!-- Generated by org.testng.reporters.JUnitReportReporter -->
<testsuite hostname="DESKTOP-3FEVTCJ" failures="0" tests="1" name="rtp.RTP" time="67.060" errors="0" timestamp="2023-11-17T18:34:32 IST" skipped="0">
  <testcase classname="rtp.RTP" name="rtp" time="67.060"/>
</testsuite> <!-- rtp.RTP -->
