<?xml version="1.0" encoding="UTF-8"?>
<!-- Generated by org.testng.reporters.JUnitReportReporter -->
<testsuite hostname="DESKTOP-3FEVTCJ" failures="0" tests="1" name="rtp.payLater" time="30.623" errors="0" timestamp="2023-11-20T11:12:02 IST" skipped="0">
  <testcase classname="rtp.payLater" name="rtp" time="30.623"/>
</testsuite> <!-- rtp.payLater -->
